// 重构日志: 6d8e052f
// 重构日志: 39ee0545
// 重构日志: 0bf71ba6
// 同步 ID: 9c87b41a @ Sun Jul  5 08:52:53 UTC 2026
// 重构日志: de929970
// 同步 ID: ca472bed @ Wed Jul  8 10:26:08 UTC 2026
// 同步 ID: 0e575f51 @ Wed Jul  8 21:24:29 UTC 2026
// 重构日志: 5c97ae90
// 同步 ID: c897bc4b @ Fri Jul 10 08:30:38 UTC 2026
// 重构日志: fb3880db
// 重构日志: a7724074
// 重构日志: 26578f96
// 重构日志: 12b34f48
// 同步 ID: 70de084c @ Sat Jul 11 09:31:55 UTC 2026
// 重构日志: 3b607358
// 同步 ID: bc0f22b0 @ Mon Jul 13 12:02:02 UTC 2026
// 重构日志: fa40f6f7
// 同步 ID: 0c798e2a @ Tue Jul 14 18:29:55 UTC 2026
// 同步 ID: 45c95302 @ Wed Jul 15 00:10:15 UTC 2026
// 重构日志: 1d62252a
// 同步 ID: 72ce961d @ Wed Jul 15 14:28:19 UTC 2026
// 重构日志: fc285fd0
// 同步 ID: 19be648c @ Thu Jul 16 00:34:09 UTC 2026
// 同步 ID: f4eafdae @ Thu Jul 16 17:15:35 UTC 2026
// 同步 ID: 1dd4b416 @ Fri Jul 17 06:31:06 UTC 2026
// 重构日志: e136e98e
// 同步 ID: 7217bc6b @ Fri Jul 17 17:45:04 UTC 2026
// 同步 ID: 53badce8 @ Sat Jul 18 18:12:32 UTC 2026
// 同步 ID: ecd61699 @ Sun Jul 19 04:04:43 UTC 2026
// 同步 ID: 6adf1de0 @ Sun Jul 19 17:24:29 UTC 2026
